INFO  View:34 - Добавлен чекбокс0
INFO  View:34 - Добавлен чекбокс1
INFO  View:34 - Добавлен чекбокс2
INFO  View:34 - Добавлен чекбокс3
DEBUG ConventorFactoryImpl:20 - Фабрика работает
DEBUG View:34 - Добавлен чекбокс0
DEBUG ConventorFactoryImpl:20 - Фабрика работает
DEBUG View:34 - Добавлен чекбокс1
DEBUG ConventorFactoryImpl:20 - Фабрика работает
DEBUG View:34 - Добавлен чекбокс2
DEBUG ConventorFactoryImpl:20 - Фабрика работает
DEBUG View:34 - Добавлен чекбокс3
DEBUG ConventorFactoryImpl:20 - Фабрика работает
DEBUG View:34 - Добавлен чекбокс0
DEBUG ConventorFactoryImpl:20 - Фабрика работает
DEBUG View:34 - Добавлен чекбокс1
DEBUG ConventorFactoryImpl:20 - Фабрика работает
DEBUG View:34 - Добавлен чекбокс2
DEBUG ConventorFactoryImpl:20 - Фабрика работает
DEBUG View:34 - Добавлен чекбокс3
INFO  View:34 - Добавлен чекбокс0
INFO  View:34 - Добавлен чекбокс1
INFO  View:34 - Добавлен чекбокс2
INFO  View:34 - Добавлен чекбокс3
INFO  View:34 - Добавлен чекбокс0
INFO  View:34 - Добавлен чекбокс1
INFO  View:34 - Добавлен чекбокс2
INFO  View:34 - Добавлен чекбокс3
INFO  View:34 - Добавлен чекбокс0
INFO  View:34 - Добавлен чекбокс1
INFO  View:34 - Добавлен чекбокс2
INFO  View:34 - Добавлен чекбокс3
INFO  View:34 - Добавлен чекбокс0
INFO  View:34 - Добавлен чекбокс2
INFO  View:34 - Добавлен чекбокс3
INFO  View:34 - Добавлен чекбокс0
INFO  View:34 - Добавлен чекбокс3
INFO  View:34 - Добавлен чекбокс0
INFO  View:34 - Добавлен чекбокс0
INFO  View:34 - Добавлен чекбокс1
INFO  View:34 - Добавлен чекбокс2
INFO  View:34 - Добавлен чекбокс3
INFO  View:34 - Добавлен чекбокс0
INFO  View:34 - Добавлен чекбокс2
INFO  View:34 - Добавлен чекбокс3
INFO  View:34 - Добавлен чекбокс0
INFO  View:34 - Добавлен чекбокс0
INFO  View:34 - Добавлен чекбокс1
INFO  View:34 - Добавлен чекбокс2
INFO  View:34 - Добавлен чекбокс3
INFO  View:34 - Добавлен чекбокс0
INFO  View:34 - Добавлен чекбокс1
INFO  View:34 - Добавлен чекбокс2
INFO  View:34 - Добавлен чекбокс3
INFO  View:34 - Добавлен чекбокс0
INFO  View:34 - Добавлен чекбокс1
INFO  View:34 - Добавлен чекбокс2
INFO  View:34 - Добавлен чекбокс3
ERROR Main:13 - eRRR
INFO  Main:13 - eRRR
DEBUG Main:13 - eRRR
DEBUG ConventorFactoryImpl:20 - Фабрика работает
DEBUG ConventorFactoryImpl:20 - Фабрика работает
DEBUG ConventorFactoryImpl:20 - Фабрика работает
DEBUG ConventorFactoryImpl:20 - Фабрика работает
DEBUG Main:13 - eRRR
DEBUG ConventorFactoryImpl:20 - Фабрика работает
DEBUG ConventorFactoryImpl:20 - Фабрика работает
DEBUG ConventorFactoryImpl:20 - Фабрика работает
DEBUG ConventorFactoryImpl:20 - Фабрика работает
